DEBUG | 2021-11-18 12:41:41 | [main] logging.Log4j2Example (Log4j2Example.java:12) - This Will Be Printed On Debug
INFO  | 2021-11-18 12:41:41 | [main] logging.Log4j2Example (Log4j2Example.java:13) - This Will Be Printed On Info
WARN  | 2021-11-18 12:41:41 | [main] logging.Log4j2Example (Log4j2Example.java:14) - This Will Be Printed On Warn
ERROR | 2021-11-18 12:41:41 | [main] logging.Log4j2Example (Log4j2Example.java:15) - This Will Be Printed On Error
FATAL | 2021-11-18 12:41:41 | [main] logging.Log4j2Example (Log4j2Example.java:16) - This Will Be Printed On Fatal
INFO  | 2021-11-18 12:41:41 | [main] logging.Log4j2Example (Log4j2Example.java:18) - Appending string: Hello, World.
DEBUG | 2021-11-18 12:47:08 | [main] logging.Log4j2Example (Log4j2Example.java:12) - This Will Be Printed On Debug
INFO  | 2021-11-18 12:47:08 | [main] logging.Log4j2Example (Log4j2Example.java:13) - This Will Be Printed On Info
WARN  | 2021-11-18 12:47:08 | [main] logging.Log4j2Example (Log4j2Example.java:14) - This Will Be Printed On Warn
ERROR | 2021-11-18 12:47:08 | [main] logging.Log4j2Example (Log4j2Example.java:15) - This Will Be Printed On Error
FATAL | 2021-11-18 12:47:08 | [main] logging.Log4j2Example (Log4j2Example.java:16) - This Will Be Printed On Fatal
INFO  | 2021-11-18 12:47:08 | [main] logging.Log4j2Example (Log4j2Example.java:18) - Appending string: Hello, World.
DEBUG | 2021-11-19 19:03:47 | [main] logging.Log4j2Example (Log4j2Example.java:12) - This Will Be Printed On Debug
INFO  | 2021-11-19 19:03:47 | [main] logging.Log4j2Example (Log4j2Example.java:13) - This Will Be Printed On Info
WARN  | 2021-11-19 19:03:47 | [main] logging.Log4j2Example (Log4j2Example.java:14) - This Will Be Printed On Warn
ERROR | 2021-11-19 19:03:47 | [main] logging.Log4j2Example (Log4j2Example.java:15) - This Will Be Printed On Error
FATAL | 2021-11-19 19:03:47 | [main] logging.Log4j2Example (Log4j2Example.java:16) - This Will Be Printed On Fatal
INFO  | 2021-11-19 19:03:47 | [main] logging.Log4j2Example (Log4j2Example.java:18) - Appending string: Hello, World.
DEBUG | 2021-11-19 19:04:06 | [main] logging.Log4j2Example (Log4j2Example.java:12) - This Will Be Printed On Debug
INFO  | 2021-11-19 19:04:06 | [main] logging.Log4j2Example (Log4j2Example.java:13) - This Will Be Printed On Info
WARN  | 2021-11-19 19:04:06 | [main] logging.Log4j2Example (Log4j2Example.java:14) - This Will Be Printed On Warn
ERROR | 2021-11-19 19:04:06 | [main] logging.Log4j2Example (Log4j2Example.java:15) - This Will Be Printed On Error
FATAL | 2021-11-19 19:04:06 | [main] logging.Log4j2Example (Log4j2Example.java:16) - This Will Be Printed On Fatal
INFO  | 2021-11-19 19:04:06 | [main] logging.Log4j2Example (Log4j2Example.java:18) - Appending string: Hello, World.
